生成启动时间为 2017/4/5 星期三 22:07:17。
     1>项目“D:\YJS\第二点\code\sst\sst\sst.vcxproj”在节点 2 上(build 个目标)。
     1>InitializeBuildStatus:
         正在对“Debug\sst.unsuccessfulbuild”执行 Touch 任务。
       ClCompile:
         所有输出均为最新。
         G:\vs2010\VC\bin\CL.exe /c /ZI /nologo /W3 /WX- /Od /Oy- /D WIN32 /D _DEBUG /D _CONSOLE /D _UNICODE /D UNICODE /Gm /EHsc /RTC1 /MDd /GS /fp:precise /Zc:wchar_t /Zc:forScope /Yu"StdAfx.h" /Fp"Debug\sst.pch" /Fo"Debug\\" /Fd"Debug\vc100.pdb" /Gd /TP /analyze- /errorReport:prompt sst.cpp
         sst.cpp
     1>d:\yjs\第二点\code\sst\sst\sst.cpp(200): warning C4996: 'fopen': This function or variable may be unsafe. Consider using fopen_s instead. To disable deprecation, use _CRT_SECURE_NO_WARNINGS. See online help for details.
                 g:\vs2010\vc\include\stdio.h(234) : 参见“fopen”的声明
     1>d:\yjs\第二点\code\sst\sst\sst.cpp(203): warning C4996: 'fscanf': This function or variable may be unsafe. Consider using fscanf_s instead. To disable deprecation, use _CRT_SECURE_NO_WARNINGS. See online help for details.
                 g:\vs2010\vc\include\stdio.h(253) : 参见“fscanf”的声明
     1>d:\yjs\第二点\code\sst\sst\sst.cpp(209): warning C4996: 'fscanf': This function or variable may be unsafe. Consider using fscanf_s instead. To disable deprecation, use _CRT_SECURE_NO_WARNINGS. See online help for details.
                 g:\vs2010\vc\include\stdio.h(253) : 参见“fscanf”的声明
     1>d:\yjs\第二点\code\sst\sst\sst.cpp(211): warning C4996: 'strtok': This function or variable may be unsafe. Consider using strtok_s instead. To disable deprecation, use _CRT_SECURE_NO_WARNINGS. See online help for details.
                 g:\vs2010\vc\include\string.h(197) : 参见“strtok”的声明
     1>d:\yjs\第二点\code\sst\sst\sst.cpp(215): warning C4996: 'strtok': This function or variable may be unsafe. Consider using strtok_s instead. To disable deprecation, use _CRT_SECURE_NO_WARNINGS. See online help for details.
                 g:\vs2010\vc\include\string.h(197) : 参见“strtok”的声明
     1>d:\yjs\第二点\code\sst\sst\sst.cpp(221): warning C4996: 'fscanf': This function or variable may be unsafe. Consider using fscanf_s instead. To disable deprecation, use _CRT_SECURE_NO_WARNINGS. See online help for details.
                 g:\vs2010\vc\include\stdio.h(253) : 参见“fscanf”的声明
     1>d:\yjs\第二点\code\sst\sst\sst.cpp(223): warning C4996: 'strtok': This function or variable may be unsafe. Consider using strtok_s instead. To disable deprecation, use _CRT_SECURE_NO_WARNINGS. See online help for details.
                 g:\vs2010\vc\include\string.h(197) : 参见“strtok”的声明
     1>d:\yjs\第二点\code\sst\sst\sst.cpp(227): warning C4996: 'strtok': This function or variable may be unsafe. Consider using strtok_s instead. To disable deprecation, use _CRT_SECURE_NO_WARNINGS. See online help for details.
                 g:\vs2010\vc\include\string.h(197) : 参见“strtok”的声明
       ManifestResourceCompile:
         所有输出均为最新。
       Link:
         G:\vs2010\VC\bin\link.exe /ERRORREPORT:PROMPT /OUT:"D:\YJS\第二点\code\sst\Debug\sst.exe" /INCREMENTAL /NOLOGO kernel32.lib user32.lib gdi32.lib winspool.lib comdlg32.lib advapi32.lib shell32.lib ole32.lib oleaut32.lib uuid.lib odbc32.lib odbccp32.lib /MANIFEST /ManifestFile:"Debug\sst.exe.intermediate.manifest" /MANIFESTUAC:"level='asInvoker' uiAccess='false'" /DEBUG /PDB:"D:\YJS\第二点\code\sst\Debug\sst.pdb" /SUBSYSTEM:CONSOLE /TLBID:1 /DYNAMICBASE /NXCOMPAT /IMPLIB:"D:\YJS\第二点\code\sst\Debug\sst.lib" /MACHINE:X86 Debug\sst.exe.embed.manifest.res
         Debug\sst.obj
         Debug\stdafx.obj
       Manifest:
         C:\Program Files (x86)\Microsoft SDKs\Windows\v7.0A\bin\mt.exe /nologo /verbose /out:"Debug\sst.exe.embed.manifest" /manifest Debug\sst.exe.intermediate.manifest
         所有输出均为最新。
       LinkEmbedManifest:
         所有输出均为最新。
         sst.vcxproj -> D:\YJS\第二点\code\sst\Debug\sst.exe
       FinalizeBuildStatus:
         正在删除文件“Debug\sst.unsuccessfulbuild”。
         正在对“Debug\sst.lastbuildstate”执行 Touch 任务。
     1>已完成生成项目“D:\YJS\第二点\code\sst\sst\sst.vcxproj”(build 个目标)的操作。

生成成功。

已用时间 00:00:03.26
